<?xml version="1.0" encoding="UTF-8"?>
<!-- Generated by org.testng.reporters.JUnitXMLReporter -->
<testsuite ignored="0" hostname="DESKTOP-6AQVSRL" failures="0" tests="5" name="Default test" time="24.015" errors="0" timestamp="2024-12-26T22:27:23 IST">
  <testcase classname="com.webTest.DashboardTest" name="performLogin" time="2.062"/>
  <testcase classname="com.webTest.DashboardTest" name="verifyAdmin" time="1.858"/>
  <testcase classname="com.webTest.DashboardTest" name="searchByUserName" time="4.584"/>
  <testcase classname="com.webTest.DashboardTest" name="searchByUserRole" time="5.645"/>
  <testcase classname="com.webTest.DashboardTest" name="searchByStatus" time="4.143"/>
</testsuite> <!-- Default test -->
