<?xml version="1.0" encoding="UTF-8"?>
<testng-results ignored="0" total="5" passed="5" failed="0" skipped="0">
  <reporter-output>
  </reporter-output>
  <suite started-at="2024-12-26T22:26:59 IST" name="Default suite" finished-at="2024-12-26T22:27:23 IST" duration-ms="24015">
    <groups>
    </groups>
    <test started-at="2024-12-26T22:26:59 IST" name="Default test" finished-at="2024-12-26T22:27:23 IST" duration-ms="24015">
      <class name="com.webTest.DashboardTest">
        <test-method is-config="true" signature="setUp()[pri:0, instance:com.webTest.DashboardTest@5443d039]" started-at="2024-12-26T22:26:59 IST" name="setUp" finished-at="2024-12-26T22:27:04 IST" duration-ms="5311" status="PASS">
          <reporter-output>
          </reporter-output>
        </test-method> <!-- setUp -->
        <test-method signature="performLogin()[pri:0, instance:com.webTest.DashboardTest@5443d039]" started-at="2024-12-26T22:27:04 IST" name="performLogin" finished-at="2024-12-26T22:27:07 IST" duration-ms="2062" status="PASS">
          <reporter-output>
          </reporter-output>
        </test-method> <!-- performLogin -->
        <test-method signature="verifyAdmin()[pri:1, instance:com.webTest.DashboardTest@5443d039]" started-at="2024-12-26T22:27:07 IST" name="verifyAdmin" finished-at="2024-12-26T22:27:08 IST" duration-ms="1858" status="PASS">
          <reporter-output>
          </reporter-output>
        </test-method> <!-- verifyAdmin -->
        <test-method signature="searchByUserName()[pri:2, instance:com.webTest.DashboardTest@5443d039]" started-at="2024-12-26T22:27:08 IST" name="searchByUserName" finished-at="2024-12-26T22:27:13 IST" duration-ms="4584" status="PASS">
          <reporter-output>
          </reporter-output>
        </test-method> <!-- searchByUserName -->
        <test-method signature="searchByUserRole()[pri:3, instance:com.webTest.DashboardTest@5443d039]" started-at="2024-12-26T22:27:13 IST" name="searchByUserRole" finished-at="2024-12-26T22:27:19 IST" duration-ms="5645" status="PASS">
          <reporter-output>
          </reporter-output>
        </test-method> <!-- searchByUserRole -->
        <test-method signature="searchByStatus()[pri:4, instance:com.webTest.DashboardTest@5443d039]" started-at="2024-12-26T22:27:19 IST" name="searchByStatus" finished-at="2024-12-26T22:27:23 IST" duration-ms="4143" status="PASS">
          <reporter-output>
          </reporter-output>
        </test-method> <!-- searchByStatus -->
        <test-method is-config="true" signature="closeBrowser()[pri:0, instance:com.webTest.DashboardTest@5443d039]" started-at="2024-12-26T22:27:23 IST" name="closeBrowser" finished-at="2024-12-26T22:27:23 IST" duration-ms="329" status="PASS">
          <reporter-output>
          </reporter-output>
        </test-method> <!-- closeBrowser -->
      </class> <!-- com.webTest.DashboardTest -->
    </test> <!-- Default test -->
  </suite> <!-- Default suite -->
</testng-results>
